<?xml version="1.0" encoding="UTF-8"?>
<coverage generated="1770154365789" clover="3.2.0">
  <project timestamp="1770154365789" name="All files">
    <metrics statements="70" coveredstatements="70" conditionals="98" coveredconditionals="98" methods="7" coveredmethods="7" elements="175" coveredelements="175" complexity="0" loc="70" ncloc="70" packages="1" files="6" classes="6"/>
    <file name="getPrecipitationDegree.ts" path="/home/bt/data/sites/circadian-ui/src/getters/getPrecipitationDegree.ts">
      <metrics statements="10" coveredstatements="10" conditionals="20" coveredconditionals="20" methods="1" coveredmethods="1"/>
      <line num="1" count="2" type="stmt"/>
      <line num="5" count="31" type="cond" truecount="4" falsecount="0"/>
      <line num="6" count="10" type="cond" truecount="2" falsecount="0"/>
      <line num="7" count="7" type="cond" truecount="4" falsecount="0"/>
      <line num="8" count="4" type="stmt"/>
      <line num="10" count="21" type="cond" truecount="4" falsecount="0"/>
      <line num="11" count="15" type="cond" truecount="2" falsecount="0"/>
      <line num="12" count="12" type="cond" truecount="4" falsecount="0"/>
      <line num="13" count="9" type="stmt"/>
      <line num="15" count="6" type="stmt"/>
    </file>
    <file name="getSeason.ts" path="/home/bt/data/sites/circadian-ui/src/getters/getSeason.ts">
      <metrics statements="12" coveredstatements="12" conditionals="26" coveredconditionals="26" methods="1" coveredmethods="1"/>
      <line num="3" count="2" type="stmt"/>
      <line num="4" count="30" type="stmt"/>
      <line num="5" count="30" type="stmt"/>
      <line num="7" count="30" type="cond" truecount="2" falsecount="0"/>
      <line num="8" count="18" type="cond" truecount="4" falsecount="0"/>
      <line num="9" count="15" type="cond" truecount="4" falsecount="0"/>
      <line num="10" count="6" type="cond" truecount="4" falsecount="0"/>
      <line num="11" count="3" type="stmt"/>
      <line num="13" count="12" type="cond" truecount="4" falsecount="0"/>
      <line num="14" count="9" type="cond" truecount="4" falsecount="0"/>
      <line num="15" count="6" type="cond" truecount="4" falsecount="0"/>
      <line num="16" count="3" type="stmt"/>
    </file>
    <file name="getTimeOfDay.ts" path="/home/bt/data/sites/circadian-ui/src/getters/getTimeOfDay.ts">
      <metrics statements="10" coveredstatements="10" conditionals="8" coveredconditionals="8" methods="1" coveredmethods="1"/>
      <line num="9" count="2" type="stmt"/>
      <line num="13" count="14" type="stmt"/>
      <line num="14" count="14" type="stmt"/>
      <line num="15" count="14" type="stmt"/>
      <line num="16" count="14" type="stmt"/>
      <line num="18" count="14" type="cond" truecount="2" falsecount="0"/>
      <line num="19" count="13" type="cond" truecount="2" falsecount="0"/>
      <line num="20" count="11" type="cond" truecount="2" falsecount="0"/>
      <line num="21" count="4" type="cond" truecount="2" falsecount="0"/>
      <line num="22" count="1" type="stmt"/>
    </file>
    <file name="getWeather.ts" path="/home/bt/data/sites/circadian-ui/src/getters/getWeather.ts">
      <metrics statements="23" coveredstatements="23" conditionals="10" coveredconditionals="10" methods="3" coveredmethods="3"/>
      <line num="8" count="1" type="stmt"/>
      <line num="9" count="1" type="stmt"/>
      <line num="11" count="1" type="stmt"/>
      <line num="17" count="1" type="stmt"/>
      <line num="21" count="8" type="cond" truecount="2" falsecount="0"/>
      <line num="22" count="1" type="stmt"/>
      <line num="25" count="7" type="stmt"/>
      <line num="26" count="7" type="stmt"/>
      <line num="27" count="7" type="stmt"/>
      <line num="29" count="7" type="stmt"/>
      <line num="31" count="7" type="cond" truecount="2" falsecount="0"/>
      <line num="32" count="2" type="stmt"/>
      <line num="35" count="5" type="stmt"/>
      <line num="37" count="5" type="stmt"/>
      <line num="41" count="7" type="cond" truecount="2" falsecount="0"/>
      <line num="43" count="6" type="stmt"/>
      <line num="45" count="1" type="stmt"/>
      <line num="50" count="5" type="stmt"/>
      <line num="51" count="5" type="stmt"/>
      <line num="52" count="5" type="stmt"/>
      <line num="54" count="5" type="stmt"/>
      <line num="59" count="5" type="stmt"/>
      <line num="61" count="5" type="stmt"/>
    </file>
    <file name="getWindDirection.ts" path="/home/bt/data/sites/circadian-ui/src/getters/getWindDirection.ts">
      <metrics statements="10" coveredstatements="10" conditionals="34" coveredconditionals="34" methods="1" coveredmethods="1"/>
      <line num="3" count="2" type="stmt"/>
      <line num="4" count="42" type="cond" truecount="6" falsecount="0"/>
      <line num="5" count="38" type="cond" truecount="4" falsecount="0"/>
      <line num="6" count="34" type="cond" truecount="4" falsecount="0"/>
      <line num="7" count="30" type="cond" truecount="4" falsecount="0"/>
      <line num="8" count="26" type="cond" truecount="4" falsecount="0"/>
      <line num="9" count="22" type="cond" truecount="4" falsecount="0"/>
      <line num="10" count="18" type="cond" truecount="4" falsecount="0"/>
      <line num="11" count="9" type="cond" truecount="4" falsecount="0"/>
      <line num="13" count="5" type="stmt"/>
    </file>
    <file name="index.ts" path="/home/bt/data/sites/circadian-ui/src/getters/index.ts">
      <metrics statements="5" coveredstatements="5" conditionals="0" coveredconditionals="0" methods="0" coveredmethods="0"/>
      <line num="1" count="1" type="stmt"/>
      <line num="2" count="1" type="stmt"/>
      <line num="3" count="1" type="stmt"/>
      <line num="4" count="1" type="stmt"/>
      <line num="5" count="1" type="stmt"/>
    </file>
  </project>
</coverage>
