{"/home/bt/data/sites/circadian-ui/src/getters/getPrecipitationDegree.ts": {"path":"/home/bt/data/sites/circadian-ui/src/getters/getPrecipitationDegree.ts","statementMap":{"0":{"start":{"line":1,"column":38},"end":{"line":16,"column":1}},"1":{"start":{"line":5,"column":2},"end":{"line":9,"column":3}},"2":{"start":{"line":6,"column":4},"end":{"line":6,"column":30}},"3":{"start":{"line":6,"column":20},"end":{"line":6,"column":30}},"4":{"start":{"line":7,"column":4},"end":{"line":7,"column":42}},"5":{"start":{"line":7,"column":32},"end":{"line":7,"column":42}},"6":{"start":{"line":8,"column":4},"end":{"line":8,"column":14}},"7":{"start":{"line":10,"column":2},"end":{"line":14,"column":3}},"8":{"start":{"line":11,"column":4},"end":{"line":11,"column":31}},"9":{"start":{"line":11,"column":20},"end":{"line":11,"column":31}},"10":{"start":{"line":12,"column":4},"end":{"line":12,"column":43}},"11":{"start":{"line":12,"column":32},"end":{"line":12,"column":43}},"12":{"start":{"line":13,"column":4},"end":{"line":13,"column":15}},"13":{"start":{"line":15,"column":2},"end":{"line":15,"column":11}},"14":{"start":{"line":1,"column":13},"end":{"line":1,"column":38}}},"fnMap":{"0":{"name":"(anonymous_0)","decl":{"start":{"line":1,"column":38},"end":{"line":1,"column":null}},"loc":{"start":{"line":4,"column":12},"end":{"line":16,"column":1}}}},"branchMap":{"0":{"loc":{"start":{"line":5,"column":2},"end":{"line":9,"column":3}},"type":"if","locations":[{"start":{"line":5,"column":2},"end":{"line":9,"column":3}},{"start":{},"end":{}}]},"1":{"loc":{"start":{"line":5,"column":6},"end":{"line":5,"column":33}},"type":"binary-expr","locations":[{"start":{"line":5,"column":6},"end":{"line":5,"column":17}},{"start":{"line":5,"column":21},"end":{"line":5,"column":33}}]},"2":{"loc":{"start":{"line":6,"column":4},"end":{"line":6,"column":30}},"type":"if","locations":[{"start":{"line":6,"column":4},"end":{"line":6,"column":30}},{"start":{},"end":{}}]},"3":{"loc":{"start":{"line":7,"column":4},"end":{"line":7,"column":42}},"type":"if","locations":[{"start":{"line":7,"column":4},"end":{"line":7,"column":42}},{"start":{},"end":{}}]},"4":{"loc":{"start":{"line":7,"column":8},"end":{"line":7,"column":30}},"type":"binary-expr","locations":[{"start":{"line":7,"column":8},"end":{"line":7,"column":17}},{"start":{"line":7,"column":21},"end":{"line":7,"column":30}}]},"5":{"loc":{"start":{"line":10,"column":2},"end":{"line":14,"column":3}},"type":"if","locations":[{"start":{"line":10,"column":2},"end":{"line":14,"column":3}},{"start":{},"end":{}}]},"6":{"loc":{"start":{"line":10,"column":6},"end":{"line":10,"column":34}},"type":"binary-expr","locations":[{"start":{"line":10,"column":6},"end":{"line":10,"column":18}},{"start":{"line":10,"column":22},"end":{"line":10,"column":34}}]},"7":{"loc":{"start":{"line":11,"column":4},"end":{"line":11,"column":31}},"type":"if","locations":[{"start":{"line":11,"column":4},"end":{"line":11,"column":31}},{"start":{},"end":{}}]},"8":{"loc":{"start":{"line":12,"column":4},"end":{"line":12,"column":43}},"type":"if","locations":[{"start":{"line":12,"column":4},"end":{"line":12,"column":43}},{"start":{},"end":{}}]},"9":{"loc":{"start":{"line":12,"column":8},"end":{"line":12,"column":30}},"type":"binary-expr","locations":[{"start":{"line":12,"column":8},"end":{"line":12,"column":17}},{"start":{"line":12,"column":21},"end":{"line":12,"column":30}}]}},"s":{"0":2,"1":31,"2":10,"3":3,"4":7,"5":3,"6":4,"7":21,"8":15,"9":3,"10":12,"11":3,"12":9,"13":6,"14":2},"f":{"0":31},"b":{"0":[10,21],"1":[31,30],"2":[3,7],"3":[3,4],"4":[7,5],"5":[15,6],"6":[21,18],"7":[3,12],"8":[3,9],"9":[12,5]}}
,"/home/bt/data/sites/circadian-ui/src/getters/getSeason.ts": {"path":"/home/bt/data/sites/circadian-ui/src/getters/getSeason.ts","statementMap":{"0":{"start":{"line":3,"column":25},"end":{"line":18,"column":1}},"1":{"start":{"line":4,"column":16},"end":{"line":4,"column":38}},"2":{"start":{"line":5,"column":31},"end":{"line":5,"column":44}},"3":{"start":{"line":7,"column":2},"end":{"line":17,"column":3}},"4":{"start":{"line":8,"column":4},"end":{"line":8,"column":50}},"5":{"start":{"line":8,"column":34},"end":{"line":8,"column":50}},"6":{"start":{"line":9,"column":4},"end":{"line":9,"column":50}},"7":{"start":{"line":9,"column":34},"end":{"line":9,"column":50}},"8":{"start":{"line":10,"column":4},"end":{"line":10,"column":51}},"9":{"start":{"line":10,"column":35},"end":{"line":10,"column":51}},"10":{"start":{"line":11,"column":4},"end":{"line":11,"column":20}},"11":{"start":{"line":13,"column":4},"end":{"line":13,"column":50}},"12":{"start":{"line":13,"column":34},"end":{"line":13,"column":50}},"13":{"start":{"line":14,"column":4},"end":{"line":14,"column":50}},"14":{"start":{"line":14,"column":34},"end":{"line":14,"column":50}},"15":{"start":{"line":15,"column":4},"end":{"line":15,"column":51}},"16":{"start":{"line":15,"column":35},"end":{"line":15,"column":51}},"17":{"start":{"line":16,"column":4},"end":{"line":16,"column":20}},"18":{"start":{"line":3,"column":13},"end":{"line":3,"column":25}}},"fnMap":{"0":{"name":"(anonymous_0)","decl":{"start":{"line":3,"column":25},"end":{"line":3,"column":26}},"loc":{"start":{"line":3,"column":64},"end":{"line":18,"column":1}}}},"branchMap":{"0":{"loc":{"start":{"line":7,"column":2},"end":{"line":17,"column":3}},"type":"if","locations":[{"start":{"line":7,"column":2},"end":{"line":17,"column":3}},{"start":{"line":12,"column":9},"end":{"line":17,"column":3}}]},"1":{"loc":{"start":{"line":8,"column":4},"end":{"line":8,"column":50}},"type":"if","locations":[{"start":{"line":8,"column":4},"end":{"line":8,"column":50}},{"start":{},"end":{}}]},"2":{"loc":{"start":{"line":8,"column":8},"end":{"line":8,"column":32}},"type":"binary-expr","locations":[{"start":{"line":8,"column":8},"end":{"line":8,"column":18}},{"start":{"line":8,"column":22},"end":{"line":8,"column":32}}]},"3":{"loc":{"start":{"line":9,"column":4},"end":{"line":9,"column":50}},"type":"if","locations":[{"start":{"line":9,"column":4},"end":{"line":9,"column":50}},{"start":{},"end":{}}]},"4":{"loc":{"start":{"line":9,"column":8},"end":{"line":9,"column":32}},"type":"binary-expr","locations":[{"start":{"line":9,"column":8},"end":{"line":9,"column":18}},{"start":{"line":9,"column":22},"end":{"line":9,"column":32}}]},"5":{"loc":{"start":{"line":10,"column":4},"end":{"line":10,"column":51}},"type":"if","locations":[{"start":{"line":10,"column":4},"end":{"line":10,"column":51}},{"start":{},"end":{}}]},"6":{"loc":{"start":{"line":10,"column":8},"end":{"line":10,"column":33}},"type":"binary-expr","locations":[{"start":{"line":10,"column":8},"end":{"line":10,"column":18}},{"start":{"line":10,"column":22},"end":{"line":10,"column":33}}]},"7":{"loc":{"start":{"line":13,"column":4},"end":{"line":13,"column":50}},"type":"if","locations":[{"start":{"line":13,"column":4},"end":{"line":13,"column":50}},{"start":{},"end":{}}]},"8":{"loc":{"start":{"line":13,"column":8},"end":{"line":13,"column":32}},"type":"binary-expr","locations":[{"start":{"line":13,"column":8},"end":{"line":13,"column":18}},{"start":{"line":13,"column":22},"end":{"line":13,"column":32}}]},"9":{"loc":{"start":{"line":14,"column":4},"end":{"line":14,"column":50}},"type":"if","locations":[{"start":{"line":14,"column":4},"end":{"line":14,"column":50}},{"start":{},"end":{}}]},"10":{"loc":{"start":{"line":14,"column":8},"end":{"line":14,"column":32}},"type":"binary-expr","locations":[{"start":{"line":14,"column":8},"end":{"line":14,"column":18}},{"start":{"line":14,"column":22},"end":{"line":14,"column":32}}]},"11":{"loc":{"start":{"line":15,"column":4},"end":{"line":15,"column":51}},"type":"if","locations":[{"start":{"line":15,"column":4},"end":{"line":15,"column":51}},{"start":{},"end":{}}]},"12":{"loc":{"start":{"line":15,"column":8},"end":{"line":15,"column":33}},"type":"binary-expr","locations":[{"start":{"line":15,"column":8},"end":{"line":15,"column":18}},{"start":{"line":15,"column":22},"end":{"line":15,"column":33}}]}},"s":{"0":2,"1":30,"2":30,"3":30,"4":18,"5":3,"6":15,"7":9,"8":6,"9":3,"10":3,"11":12,"12":3,"13":9,"14":3,"15":6,"16":3,"17":3,"18":2},"f":{"0":30},"b":{"0":[18,12],"1":[3,15],"2":[18,16],"3":[9,6],"4":[15,13],"5":[3,3],"6":[6,4],"7":[3,9],"8":[12,10],"9":[3,6],"10":[9,7],"11":[3,3],"12":[6,4]}}
,"/home/bt/data/sites/circadian-ui/src/getters/getTimeOfDay.ts": {"path":"/home/bt/data/sites/circadian-ui/src/getters/getTimeOfDay.ts","statementMap":{"0":{"start":{"line":9,"column":0},"end":{"line":9,"column":16}},"1":{"start":{"line":13,"column":15},"end":{"line":13,"column":35}},"2":{"start":{"line":14,"column":22},"end":{"line":14,"column":39}},"3":{"start":{"line":15,"column":21},"end":{"line":15,"column":37}},"4":{"start":{"line":16,"column":19},"end":{"line":16,"column":33}},"5":{"start":{"line":18,"column":2},"end":{"line":18,"column":41}},"6":{"start":{"line":18,"column":26},"end":{"line":18,"column":41}},"7":{"start":{"line":19,"column":2},"end":{"line":19,"column":54}},"8":{"start":{"line":19,"column":37},"end":{"line":19,"column":54}},"9":{"start":{"line":20,"column":2},"end":{"line":20,"column":49}},"10":{"start":{"line":20,"column":36},"end":{"line":20,"column":49}},"11":{"start":{"line":21,"column":2},"end":{"line":21,"column":42}},"12":{"start":{"line":21,"column":26},"end":{"line":21,"column":42}},"13":{"start":{"line":22,"column":2},"end":{"line":22,"column":17}}},"fnMap":{"0":{"name":"getTimeOfDay","decl":{"start":{"line":9,"column":16},"end":{"line":9,"column":28}},"loc":{"start":{"line":12,"column":20},"end":{"line":23,"column":1}}}},"branchMap":{"0":{"loc":{"start":{"line":18,"column":2},"end":{"line":18,"column":41}},"type":"if","locations":[{"start":{"line":18,"column":2},"end":{"line":18,"column":41}},{"start":{},"end":{}}]},"1":{"loc":{"start":{"line":19,"column":2},"end":{"line":19,"column":54}},"type":"if","locations":[{"start":{"line":19,"column":2},"end":{"line":19,"column":54}},{"start":{},"end":{}}]},"2":{"loc":{"start":{"line":20,"column":2},"end":{"line":20,"column":49}},"type":"if","locations":[{"start":{"line":20,"column":2},"end":{"line":20,"column":49}},{"start":{},"end":{}}]},"3":{"loc":{"start":{"line":21,"column":2},"end":{"line":21,"column":42}},"type":"if","locations":[{"start":{"line":21,"column":2},"end":{"line":21,"column":42}},{"start":{},"end":{}}]}},"s":{"0":2,"1":14,"2":14,"3":14,"4":14,"5":14,"6":1,"7":13,"8":2,"9":11,"10":7,"11":4,"12":3,"13":1},"f":{"0":14},"b":{"0":[1,13],"1":[2,11],"2":[7,4],"3":[3,1]}}
,"/home/bt/data/sites/circadian-ui/src/getters/getWeather.ts": {"path":"/home/bt/data/sites/circadian-ui/src/getters/getWeather.ts","statementMap":{"0":{"start":{"line":17,"column":0},"end":{"line":17,"column":7}},"1":{"start":{"line":8,"column":0},"end":{"line":8,"column":66}},"2":{"start":{"line":9,"column":0},"end":{"line":9,"column":63}},"3":{"start":{"line":11,"column":29},"end":{"line":11,"column":78}},"4":{"start":{"line":21,"column":2},"end":{"line":23,"column":3}},"5":{"start":{"line":22,"column":4},"end":{"line":22,"column":51}},"6":{"start":{"line":25,"column":16},"end":{"line":25,"column":36}},"7":{"start":{"line":26,"column":14},"end":{"line":26,"column":43}},"8":{"start":{"line":27,"column":2},"end":{"line":27,"column":57}},"9":{"start":{"line":29,"column":19},"end":{"line":29,"column":35}},"10":{"start":{"line":31,"column":2},"end":{"line":33,"column":3}},"11":{"start":{"line":32,"column":4},"end":{"line":32,"column":61}},"12":{"start":{"line":35,"column":15},"end":{"line":35,"column":36}},"13":{"start":{"line":37,"column":2},"end":{"line":37,"column":36}},"14":{"start":{"line":41,"column":2},"end":{"line":46,"column":3}},"15":{"start":{"line":43,"column":6},"end":{"line":43,"column":54}},"16":{"start":{"line":45,"column":6},"end":{"line":45,"column":55}},"17":{"start":{"line":50,"column":18},"end":{"line":50,"column":51}},"18":{"start":{"line":51,"column":17},"end":{"line":51,"column":49}},"19":{"start":{"line":52,"column":31},"end":{"line":52,"column":64}},"20":{"start":{"line":54,"column":25},"end":{"line":57,"column":4}},"21":{"start":{"line":59,"column":24},"end":{"line":59,"column":36}},"22":{"start":{"line":61,"column":2},"end":{"line":93,"column":4}}},"fnMap":{"0":{"name":"getWeather","decl":{"start":{"line":17,"column":22},"end":{"line":17,"column":32}},"loc":{"start":{"line":19,"column":16},"end":{"line":38,"column":1}}},"1":{"name":"buildQuery","decl":{"start":{"line":40,"column":9},"end":{"line":40,"column":19}},"loc":{"start":{"line":40,"column":45},"end":{"line":47,"column":1}}},"2":{"name":"parseWeatherResponse","decl":{"start":{"line":49,"column":9},"end":{"line":49,"column":29}},"loc":{"start":{"line":49,"column":39},"end":{"line":94,"column":1}}}},"branchMap":{"0":{"loc":{"start":{"line":21,"column":2},"end":{"line":23,"column":3}},"type":"if","locations":[{"start":{"line":21,"column":2},"end":{"line":23,"column":3}},{"start":{},"end":{}}]},"1":{"loc":{"start":{"line":31,"column":2},"end":{"line":33,"column":3}},"type":"if","locations":[{"start":{"line":31,"column":2},"end":{"line":33,"column":3}},{"start":{},"end":{}}]},"2":{"loc":{"start":{"line":41,"column":2},"end":{"line":46,"column":3}},"type":"switch","locations":[{"start":{"line":42,"column":4},"end":{"line":43,"column":54}},{"start":{"line":44,"column":4},"end":{"line":45,"column":55}}]},"3":{"loc":{"start":{"line":91,"column":13},"end":{"line":91,"column":46}},"type":"cond-expr","locations":[{"start":{"line":91,"column":27},"end":{"line":91,"column":31}},{"start":{"line":91,"column":31},"end":{"line":91,"column":46}}]},"4":{"loc":{"start":{"line":91,"column":13},"end":{"line":91,"column":31}},"type":"binary-expr","locations":[{"start":{"line":91,"column":13},"end":{"line":91,"column":31}},{"start":{"line":91,"column":27},"end":{"line":91,"column":31}}]}},"s":{"0":1,"1":1,"2":1,"3":1,"4":8,"5":1,"6":7,"7":7,"8":7,"9":7,"10":7,"11":2,"12":5,"13":5,"14":7,"15":6,"16":1,"17":5,"18":5,"19":5,"20":5,"21":5,"22":5},"f":{"0":8,"1":7,"2":5},"b":{"0":[1,7],"1":[2,5],"2":[6,1],"3":[4,1],"4":[5,5]}}
,"/home/bt/data/sites/circadian-ui/src/getters/getWindDirection.ts": {"path":"/home/bt/data/sites/circadian-ui/src/getters/getWindDirection.ts","statementMap":{"0":{"start":{"line":3,"column":32},"end":{"line":14,"column":1}},"1":{"start":{"line":4,"column":2},"end":{"line":4,"column":74}},"2":{"start":{"line":4,"column":63},"end":{"line":4,"column":74}},"3":{"start":{"line":5,"column":2},"end":{"line":5,"column":45}},"4":{"start":{"line":5,"column":33},"end":{"line":5,"column":45}},"5":{"start":{"line":6,"column":2},"end":{"line":6,"column":45}},"6":{"start":{"line":6,"column":34},"end":{"line":6,"column":45}},"7":{"start":{"line":7,"column":2},"end":{"line":7,"column":47}},"8":{"start":{"line":7,"column":35},"end":{"line":7,"column":47}},"9":{"start":{"line":8,"column":2},"end":{"line":8,"column":46}},"10":{"start":{"line":8,"column":35},"end":{"line":8,"column":46}},"11":{"start":{"line":9,"column":2},"end":{"line":9,"column":47}},"12":{"start":{"line":9,"column":35},"end":{"line":9,"column":47}},"13":{"start":{"line":10,"column":2},"end":{"line":10,"column":46}},"14":{"start":{"line":10,"column":35},"end":{"line":10,"column":46}},"15":{"start":{"line":11,"column":2},"end":{"line":11,"column":47}},"16":{"start":{"line":11,"column":35},"end":{"line":11,"column":47}},"17":{"start":{"line":13,"column":2},"end":{"line":13,"column":14}},"18":{"start":{"line":3,"column":13},"end":{"line":3,"column":32}}},"fnMap":{"0":{"name":"(anonymous_0)","decl":{"start":{"line":3,"column":32},"end":{"line":3,"column":33}},"loc":{"start":{"line":3,"column":63},"end":{"line":14,"column":1}}}},"branchMap":{"0":{"loc":{"start":{"line":4,"column":2},"end":{"line":4,"column":74}},"type":"if","locations":[{"start":{"line":4,"column":2},"end":{"line":4,"column":74}},{"start":{},"end":{}}]},"1":{"loc":{"start":{"line":4,"column":6},"end":{"line":4,"column":61}},"type":"binary-expr","locations":[{"start":{"line":4,"column":7},"end":{"line":4,"column":19}},{"start":{"line":4,"column":23},"end":{"line":4,"column":32}},{"start":{"line":4,"column":38},"end":{"line":4,"column":46}},{"start":{"line":4,"column":50},"end":{"line":4,"column":60}}]},"2":{"loc":{"start":{"line":5,"column":2},"end":{"line":5,"column":45}},"type":"if","locations":[{"start":{"line":5,"column":2},"end":{"line":5,"column":45}},{"start":{},"end":{}}]},"3":{"loc":{"start":{"line":5,"column":6},"end":{"line":5,"column":31}},"type":"binary-expr","locations":[{"start":{"line":5,"column":6},"end":{"line":5,"column":17}},{"start":{"line":5,"column":21},"end":{"line":5,"column":31}}]},"4":{"loc":{"start":{"line":6,"column":2},"end":{"line":6,"column":45}},"type":"if","locations":[{"start":{"line":6,"column":2},"end":{"line":6,"column":45}},{"start":{},"end":{}}]},"5":{"loc":{"start":{"line":6,"column":6},"end":{"line":6,"column":32}},"type":"binary-expr","locations":[{"start":{"line":6,"column":6},"end":{"line":6,"column":17}},{"start":{"line":6,"column":21},"end":{"line":6,"column":32}}]},"6":{"loc":{"start":{"line":7,"column":2},"end":{"line":7,"column":47}},"type":"if","locations":[{"start":{"line":7,"column":2},"end":{"line":7,"column":47}},{"start":{},"end":{}}]},"7":{"loc":{"start":{"line":7,"column":6},"end":{"line":7,"column":33}},"type":"binary-expr","locations":[{"start":{"line":7,"column":6},"end":{"line":7,"column":18}},{"start":{"line":7,"column":22},"end":{"line":7,"column":33}}]},"8":{"loc":{"start":{"line":8,"column":2},"end":{"line":8,"column":46}},"type":"if","locations":[{"start":{"line":8,"column":2},"end":{"line":8,"column":46}},{"start":{},"end":{}}]},"9":{"loc":{"start":{"line":8,"column":6},"end":{"line":8,"column":33}},"type":"binary-expr","locations":[{"start":{"line":8,"column":6},"end":{"line":8,"column":18}},{"start":{"line":8,"column":22},"end":{"line":8,"column":33}}]},"10":{"loc":{"start":{"line":9,"column":2},"end":{"line":9,"column":47}},"type":"if","locations":[{"start":{"line":9,"column":2},"end":{"line":9,"column":47}},{"start":{},"end":{}}]},"11":{"loc":{"start":{"line":9,"column":6},"end":{"line":9,"column":33}},"type":"binary-expr","locations":[{"start":{"line":9,"column":6},"end":{"line":9,"column":18}},{"start":{"line":9,"column":22},"end":{"line":9,"column":33}}]},"12":{"loc":{"start":{"line":10,"column":2},"end":{"line":10,"column":46}},"type":"if","locations":[{"start":{"line":10,"column":2},"end":{"line":10,"column":46}},{"start":{},"end":{}}]},"13":{"loc":{"start":{"line":10,"column":6},"end":{"line":10,"column":33}},"type":"binary-expr","locations":[{"start":{"line":10,"column":6},"end":{"line":10,"column":18}},{"start":{"line":10,"column":22},"end":{"line":10,"column":33}}]},"14":{"loc":{"start":{"line":11,"column":2},"end":{"line":11,"column":47}},"type":"if","locations":[{"start":{"line":11,"column":2},"end":{"line":11,"column":47}},{"start":{},"end":{}}]},"15":{"loc":{"start":{"line":11,"column":6},"end":{"line":11,"column":33}},"type":"binary-expr","locations":[{"start":{"line":11,"column":6},"end":{"line":11,"column":18}},{"start":{"line":11,"column":22},"end":{"line":11,"column":33}}]}},"s":{"0":2,"1":42,"2":4,"3":38,"4":4,"5":34,"6":4,"7":30,"8":4,"9":26,"10":4,"11":22,"12":4,"13":18,"14":9,"15":9,"16":4,"17":5,"18":2},"f":{"0":42},"b":{"0":[4,38],"1":[42,5,40,38],"2":[4,34],"3":[38,36],"4":[4,30],"5":[34,32],"6":[4,26],"7":[30,28],"8":[4,22],"9":[26,24],"10":[4,18],"11":[22,20],"12":[9,9],"13":[18,16],"14":[4,5],"15":[9,7]}}
,"/home/bt/data/sites/circadian-ui/src/getters/index.ts": {"path":"/home/bt/data/sites/circadian-ui/src/getters/index.ts","statementMap":{"0":{"start":{"line":1,"column":0},"end":{"line":1,"column":29}},"1":{"start":{"line":2,"column":0},"end":{"line":2,"column":31}},"2":{"start":{"line":3,"column":0},"end":{"line":3,"column":29}},"3":{"start":{"line":4,"column":0},"end":{"line":4,"column":35}},"4":{"start":{"line":5,"column":0},"end":{"line":5,"column":28}}},"fnMap":{},"branchMap":{},"s":{"0":1,"1":1,"2":1,"3":1,"4":1},"f":{},"b":{}}
}
