TN:
SF:src/getters/getPrecipitationDegree.ts
FN:1,(anonymous_0)
FNF:1
FNH:1
FNDA:31,(anonymous_0)
DA:1,2
DA:5,31
DA:6,10
DA:7,7
DA:8,4
DA:10,21
DA:11,15
DA:12,12
DA:13,9
DA:15,6
LF:10
LH:10
BRDA:5,0,0,10
BRDA:5,0,1,21
BRDA:5,1,0,31
BRDA:5,1,1,30
BRDA:6,2,0,3
BRDA:6,2,1,7
BRDA:7,3,0,3
BRDA:7,3,1,4
BRDA:7,4,0,7
BRDA:7,4,1,5
BRDA:10,5,0,15
BRDA:10,5,1,6
BRDA:10,6,0,21
BRDA:10,6,1,18
BRDA:11,7,0,3
BRDA:11,7,1,12
BRDA:12,8,0,3
BRDA:12,8,1,9
BRDA:12,9,0,12
BRDA:12,9,1,5
BRF:20
BRH:20
end_of_record
TN:
SF:src/getters/getSeason.ts
FN:3,(anonymous_0)
FNF:1
FNH:1
FNDA:30,(anonymous_0)
DA:3,2
DA:4,30
DA:5,30
DA:7,30
DA:8,18
DA:9,15
DA:10,6
DA:11,3
DA:13,12
DA:14,9
DA:15,6
DA:16,3
LF:12
LH:12
BRDA:7,0,0,18
BRDA:7,0,1,12
BRDA:8,1,0,3
BRDA:8,1,1,15
BRDA:8,2,0,18
BRDA:8,2,1,16
BRDA:9,3,0,9
BRDA:9,3,1,6
BRDA:9,4,0,15
BRDA:9,4,1,13
BRDA:10,5,0,3
BRDA:10,5,1,3
BRDA:10,6,0,6
BRDA:10,6,1,4
BRDA:13,7,0,3
BRDA:13,7,1,9
BRDA:13,8,0,12
BRDA:13,8,1,10
BRDA:14,9,0,3
BRDA:14,9,1,6
BRDA:14,10,0,9
BRDA:14,10,1,7
BRDA:15,11,0,3
BRDA:15,11,1,3
BRDA:15,12,0,6
BRDA:15,12,1,4
BRF:26
BRH:26
end_of_record
TN:
SF:src/getters/getTimeOfDay.ts
FN:9,getTimeOfDay
FNF:1
FNH:1
FNDA:14,getTimeOfDay
DA:9,2
DA:13,14
DA:14,14
DA:15,14
DA:16,14
DA:18,14
DA:19,13
DA:20,11
DA:21,4
DA:22,1
LF:10
LH:10
BRDA:18,0,0,1
BRDA:18,0,1,13
BRDA:19,1,0,2
BRDA:19,1,1,11
BRDA:20,2,0,7
BRDA:20,2,1,4
BRDA:21,3,0,3
BRDA:21,3,1,1
BRF:8
BRH:8
end_of_record
TN:
SF:src/getters/getWeather.ts
FN:17,getWeather
FN:40,buildQuery
FN:49,parseWeatherResponse
FNF:3
FNH:3
FNDA:8,getWeather
FNDA:7,buildQuery
FNDA:5,parseWeatherResponse
DA:8,1
DA:9,1
DA:11,1
DA:17,1
DA:21,8
DA:22,1
DA:25,7
DA:26,7
DA:27,7
DA:29,7
DA:31,7
DA:32,2
DA:35,5
DA:37,5
DA:41,7
DA:43,6
DA:45,1
DA:50,5
DA:51,5
DA:52,5
DA:54,5
DA:59,5
DA:61,5
LF:23
LH:23
BRDA:21,0,0,1
BRDA:21,0,1,7
BRDA:31,1,0,2
BRDA:31,1,1,5
BRDA:41,2,0,6
BRDA:41,2,1,1
BRDA:91,3,0,4
BRDA:91,3,1,1
BRDA:91,4,0,5
BRDA:91,4,1,5
BRF:10
BRH:10
end_of_record
TN:
SF:src/getters/getWindDirection.ts
FN:3,(anonymous_0)
FNF:1
FNH:1
FNDA:42,(anonymous_0)
DA:3,2
DA:4,42
DA:5,38
DA:6,34
DA:7,30
DA:8,26
DA:9,22
DA:10,18
DA:11,9
DA:13,5
LF:10
LH:10
BRDA:4,0,0,4
BRDA:4,0,1,38
BRDA:4,1,0,42
BRDA:4,1,1,5
BRDA:4,1,2,40
BRDA:4,1,3,38
BRDA:5,2,0,4
BRDA:5,2,1,34
BRDA:5,3,0,38
BRDA:5,3,1,36
BRDA:6,4,0,4
BRDA:6,4,1,30
BRDA:6,5,0,34
BRDA:6,5,1,32
BRDA:7,6,0,4
BRDA:7,6,1,26
BRDA:7,7,0,30
BRDA:7,7,1,28
BRDA:8,8,0,4
BRDA:8,8,1,22
BRDA:8,9,0,26
BRDA:8,9,1,24
BRDA:9,10,0,4
BRDA:9,10,1,18
BRDA:9,11,0,22
BRDA:9,11,1,20
BRDA:10,12,0,9
BRDA:10,12,1,9
BRDA:10,13,0,18
BRDA:10,13,1,16
BRDA:11,14,0,4
BRDA:11,14,1,5
BRDA:11,15,0,9
BRDA:11,15,1,7
BRF:34
BRH:34
end_of_record
TN:
SF:src/getters/index.ts
FNF:0
FNH:0
DA:1,1
DA:2,1
DA:3,1
DA:4,1
DA:5,1
LF:5
LH:5
BRF:0
BRH:0
end_of_record
